{"/Users/corneliusdavis/Developer/Personal/DsAndAlgos/structures-and-algos/javascript/algos/BinarySearchList.js": {"path":"/Users/corneliusdavis/Developer/Personal/DsAndAlgos/structures-and-algos/javascript/algos/BinarySearchList.js","statementMap":{"0":{"start":{"line":10,"column":2},"end":{"line":10,"column":33}},"1":{"start":{"line":10,"column":26},"end":{"line":10,"column":31}},"2":{"start":{"line":12,"column":12},"end":{"line":12,"column":13}},"3":{"start":{"line":13,"column":13},"end":{"line":13,"column":28}},"4":{"start":{"line":16,"column":2},"end":{"line":31,"column":23}},"5":{"start":{"line":18,"column":24},"end":{"line":18,"column":58}},"6":{"start":{"line":20,"column":25},"end":{"line":20,"column":46}},"7":{"start":{"line":22,"column":4},"end":{"line":30,"column":5}},"8":{"start":{"line":23,"column":6},"end":{"line":23,"column":18}},"9":{"start":{"line":24,"column":11},"end":{"line":30,"column":5}},"10":{"start":{"line":26,"column":6},"end":{"line":26,"column":25}},"11":{"start":{"line":29,"column":6},"end":{"line":29,"column":28}},"12":{"start":{"line":33,"column":2},"end":{"line":33,"column":15}}},"fnMap":{"0":{"name":"(anonymous_0)","decl":{"start":{"line":8,"column":34},"end":{"line":8,"column":35}},"loc":{"start":{"line":8,"column":56},"end":{"line":34,"column":1}},"line":8},"1":{"name":"(anonymous_1)","decl":{"start":{"line":10,"column":16},"end":{"line":10,"column":17}},"loc":{"start":{"line":10,"column":26},"end":{"line":10,"column":31}},"line":10}},"branchMap":{"0":{"loc":{"start":{"line":22,"column":4},"end":{"line":30,"column":5}},"type":"if","locations":[{"start":{"line":22,"column":4},"end":{"line":30,"column":5}},{"start":{"line":24,"column":11},"end":{"line":30,"column":5}}],"line":22},"1":{"loc":{"start":{"line":24,"column":11},"end":{"line":30,"column":5}},"type":"if","locations":[{"start":{"line":24,"column":11},"end":{"line":30,"column":5}},{"start":{"line":27,"column":11},"end":{"line":30,"column":5}}],"line":24}},"s":{"0":2,"1":54,"2":2,"3":2,"4":2,"5":4,"6":4,"7":4,"8":1,"9":3,"10":2,"11":1,"12":1},"f":{"0":2,"1":54},"b":{"0":[1,3],"1":[2,1]},"_coverageSchema":"1a1c01bbd47fc00a2c39e90264f33305004495a9","hash":"78dc05e0a159ffaed0b5c06e683b76c8488f045e"}
}
